TN:
SF:/Users/anvlkv/Projects/intervey/intervey-app/src/polyfills.ts
FN:61,(anonymous_0)
FNF:1
FNH:0
FNDA:0,(anonymous_0)
DA:20,1
DA:21,1
DA:22,1
DA:23,1
DA:24,1
DA:25,1
DA:26,1
DA:27,1
DA:28,1
DA:29,1
DA:30,1
DA:31,1
DA:32,1
DA:38,1
DA:39,1
DA:45,1
DA:61,1
DA:62,0
DA:63,0
DA:64,0
DA:66,0
DA:67,0
DA:68,0
DA:69,0
DA:71,0
LF:25
LH:17
BRDA:63,0,0,0
BRDA:63,0,1,0
BRF:2
BRH:0
end_of_record
TN:
SF:/Users/anvlkv/Projects/intervey/intervey-app/src/test.ts
FNF:0
FNH:0
DA:3,1
DA:4,1
DA:5,1
DA:13,1
DA:18,1
DA:20,1
LF:6
LH:6
BRF:0
BRH:0
end_of_record
TN:
SF:/Users/anvlkv/Projects/intervey/intervey-app/src/app/app.component.ts
FN:11,(anonymous_14)
FN:14,AppComponent
FN:21,(anonymous_16)
FNF:3
FNH:3
FNDA:1,(anonymous_14)
FNDA:4,AppComponent
FNDA:2,(anonymous_16)
DA:1,1
DA:2,1
DA:3,1
DA:11,1
DA:15,4
DA:16,4
DA:18,4
DA:21,1
DA:22,2
DA:24,1
DA:26,1
LF:11
LH:11
BRF:0
BRH:0
end_of_record
TN:
SF:/Users/anvlkv/Projects/intervey/intervey-app/src/app/api/asset-design.service.ts
FN:4,(anonymous_2)
FN:6,AssetDesignService
FNF:2
FNH:2
FNDA:1,(anonymous_2)
FNDA:1,AssetDesignService
DA:1,1
DA:4,1
DA:8,1
LF:3
LH:3
BRF:0
BRH:0
end_of_record
TN:
SF:/Users/anvlkv/Projects/intervey/intervey-app/src/app/api/format-constraint-design.service.ts
FN:4,(anonymous_2)
FN:6,FormatConstraintDesignService
FNF:2
FNH:2
FNDA:1,(anonymous_2)
FNDA:1,FormatConstraintDesignService
DA:1,1
DA:4,1
DA:8,1
LF:3
LH:3
BRF:0
BRH:0
end_of_record
TN:
SF:/Users/anvlkv/Projects/intervey/intervey-app/src/app/api/general-data.service.ts
FN:31,(anonymous_2)
FN:48,GeneralDataService
FN:56,(anonymous_4)
FN:60,(anonymous_5)
FN:65,(anonymous_7)
FN:87,(anonymous_8)
FN:91,(anonymous_9)
FN:103,(anonymous_10)
FN:110,(anonymous_11)
FN:118,(anonymous_12)
FN:126,(anonymous_13)
FN:134,(anonymous_14)
FN:139,(anonymous_15)
FN:140,(anonymous_16)
FN:156,(anonymous_17)
FN:157,(anonymous_18)
FN:162,(anonymous_19)
FN:170,dataToHasId
FNF:18
FNH:3
FNDA:1,(anonymous_2)
FNDA:5,GeneralDataService
FNDA:5,(anonymous_4)
FNDA:0,(anonymous_5)
FNDA:0,(anonymous_7)
FNDA:0,(anonymous_8)
FNDA:0,(anonymous_9)
FNDA:0,(anonymous_10)
FNDA:0,(anonymous_11)
FNDA:0,(anonymous_12)
FNDA:0,(anonymous_13)
FNDA:0,(anonymous_14)
FNDA:0,(anonymous_15)
FNDA:0,(anonymous_16)
FNDA:0,(anonymous_17)
FNDA:0,(anonymous_18)
FNDA:0,(anonymous_19)
FNDA:0,dataToHasId
DA:1,1
DA:2,1
DA:3,1
DA:4,1
DA:5,1
DA:6,1
DA:7,1
DA:9,1
DA:10,1
DA:31,1
DA:34,5
DA:36,5
DA:40,5
DA:46,5
DA:49,5
DA:51,5
DA:52,5
DA:56,5
DA:57,5
DA:60,0
DA:61,0
DA:62,0
DA:63,0
DA:64,0
DA:65,0
DA:66,0
DA:67,0
DA:70,0
DA:75,0
DA:79,0
DA:81,0
DA:84,5
DA:87,1
DA:88,0
DA:90,0
DA:91,0
DA:93,0
DA:94,0
DA:95,0
DA:100,0
DA:104,0
DA:107,0
DA:110,1
DA:111,0
DA:113,0
DA:118,1
DA:119,0
DA:121,0
DA:126,1
DA:127,0
DA:129,0
DA:134,1
DA:135,0
DA:136,0
DA:139,1
DA:140,0
DA:143,0
DA:144,0
DA:145,0
DA:146,0
DA:148,0
DA:150,0
DA:151,0
DA:152,0
DA:156,1
DA:157,0
DA:159,0
DA:162,1
DA:163,0
DA:164,0
DA:166,0
DA:168,1
DA:171,0
DA:172,0
DA:174,0
DA:177,0
LF:76
LH:29
BRDA:66,0,0,0
BRDA:66,0,1,0
BRDA:93,1,0,0
BRDA:93,1,1,0
BRDA:136,2,0,0
BRDA:136,2,1,0
BRDA:144,3,0,0
BRDA:144,3,1,0
BRDA:145,4,0,0
BRDA:145,4,1,0
BRDA:146,5,0,0
BRDA:146,5,1,0
BRDA:148,6,0,0
BRDA:148,6,1,0
BRDA:172,7,0,0
BRDA:172,7,1,0
BRF:16
BRH:0
end_of_record
TN:
SF:/Users/anvlkv/Projects/intervey/intervey-app/src/app/api/item-design.service.ts
FN:13,(anonymous_3)
FN:19,ItemDesignService
FN:25,(anonymous_5)
FN:26,(anonymous_6)
FN:34,(anonymous_7)
FN:38,(anonymous_8)
FN:41,(anonymous_9)
FN:48,(anonymous_10)
FN:51,(anonymous_11)
FN:58,(anonymous_12)
FN:59,(anonymous_13)
FN:63,(anonymous_14)
FN:68,(anonymous_15)
FN:80,(anonymous_16)
FN:81,(anonymous_17)
FN:89,(anonymous_18)
FN:92,(anonymous_19)
FN:104,(anonymous_20)
FN:107,(anonymous_21)
FN:108,(anonymous_22)
FN:113,(anonymous_23)
FN:138,(anonymous_24)
FN:141,(anonymous_25)
FNF:23
FNH:4
FNDA:1,(anonymous_3)
FNDA:1,ItemDesignService
FNDA:0,(anonymous_5)
FNDA:1,(anonymous_6)
FNDA:1,(anonymous_7)
FNDA:0,(anonymous_8)
FNDA:0,(anonymous_9)
FNDA:0,(anonymous_10)
FNDA:0,(anonymous_11)
FNDA:0,(anonymous_12)
FNDA:0,(anonymous_13)
FNDA:0,(anonymous_14)
FNDA:0,(anonymous_15)
FNDA:0,(anonymous_16)
FNDA:0,(anonymous_17)
FNDA:0,(anonymous_18)
FNDA:0,(anonymous_19)
FNDA:0,(anonymous_20)
FNDA:0,(anonymous_21)
FNDA:0,(anonymous_22)
FNDA:0,(anonymous_23)
FNDA:0,(anonymous_24)
FNDA:0,(anonymous_25)
DA:1,1
DA:2,1
DA:4,1
DA:8,1
DA:10,1
DA:13,1
DA:19,1
DA:20,1
DA:21,1
DA:23,1
DA:24,1
DA:25,1
DA:26,1
DA:27,1
DA:28,0
DA:29,0
DA:34,1
DA:35,1
DA:38,1
DA:39,0
DA:41,0
DA:42,0
DA:45,0
DA:48,1
DA:49,0
DA:51,0
DA:55,0
DA:58,1
DA:59,0
DA:60,0
DA:63,1
DA:64,0
DA:66,0
DA:68,0
DA:69,0
DA:74,0
DA:77,0
DA:80,1
DA:81,0
DA:82,0
DA:86,0
DA:89,1
DA:90,0
DA:92,0
DA:93,0
DA:98,0
DA:101,0
DA:104,1
DA:105,0
DA:107,0
DA:108,0
DA:109,0
DA:110,0
DA:113,0
DA:119,0
DA:138,1
DA:139,0
DA:141,0
DA:142,0
DA:147,0
DA:150,0
DA:152,1
LF:62
LH:25
BRDA:27,0,0,0
BRDA:27,0,1,1
BRDA:27,1,0,1
BRDA:27,1,1,0
BRDA:66,2,0,0
BRDA:66,2,1,0
BRDA:109,3,0,0
BRDA:109,3,1,0
BRF:8
BRH:2
end_of_record
TN:
SF:/Users/anvlkv/Projects/intervey/intervey-app/src/app/api/response.service.mock.ts
FN:6,mockResponseService
FNF:1
FNH:1
FNDA:27,mockResponseService
DA:1,1
DA:2,1
DA:3,1
DA:4,1
DA:6,1
DA:7,27
DA:8,27
DA:10,27
DA:11,27
DA:12,27
DA:14,27
LF:11
LH:11
BRF:0
BRH:0
end_of_record
TN:
SF:/Users/anvlkv/Projects/intervey/intervey-app/src/app/api/response.service.ts
FN:8,(anonymous_2)
FN:14,ResponseService
FN:19,(anonymous_4)
FN:20,(anonymous_5)
FN:23,(anonymous_6)
FN:27,(anonymous_7)
FN:31,(anonymous_8)
FN:32,(anonymous_9)
FN:39,(anonymous_10)
FN:41,(anonymous_11)
FN:44,(anonymous_12)
FN:50,(anonymous_13)
FNF:12
FNH:4
FNDA:1,(anonymous_2)
FNDA:2,ResponseService
FNDA:0,(anonymous_4)
FNDA:0,(anonymous_5)
FNDA:2,(anonymous_6)
FNDA:2,(anonymous_7)
FNDA:0,(anonymous_8)
FNDA:0,(anonymous_9)
FNDA:0,(anonymous_10)
FNDA:0,(anonymous_11)
FNDA:0,(anonymous_12)
FNDA:0,(anonymous_13)
DA:1,1
DA:3,1
DA:5,1
DA:8,1
DA:14,2
DA:15,2
DA:17,2
DA:18,2
DA:19,2
DA:20,2
DA:23,1
DA:24,2
DA:27,1
DA:28,2
DA:31,1
DA:32,0
DA:33,0
DA:36,0
DA:39,1
DA:40,0
DA:41,0
DA:43,0
DA:44,0
DA:47,0
DA:50,1
DA:51,0
DA:53,1
LF:27
LH:18
BRDA:40,0,0,0
BRDA:40,0,1,0
BRDA:43,1,0,0
BRDA:43,1,1,0
BRF:4
BRH:0
end_of_record
TN:
SF:/Users/anvlkv/Projects/intervey/intervey-app/src/app/api/sequence-design.service.ts
FN:12,(anonymous_3)
FN:15,SequenceDesignService
FN:19,(anonymous_5)
FN:22,(anonymous_6)
FN:26,(anonymous_7)
FN:29,(anonymous_8)
FN:30,(anonymous_9)
FN:35,(anonymous_10)
FN:44,(anonymous_11)
FN:47,(anonymous_12)
FN:52,(anonymous_13)
FN:55,(anonymous_14)
FN:69,(anonymous_15)
FN:70,(anonymous_16)
FN:77,(anonymous_17)
FN:78,(anonymous_18)
FN:88,(anonymous_19)
FN:89,(anonymous_20)
FNF:18
FNH:4
FNDA:1,(anonymous_3)
FNDA:2,SequenceDesignService
FNDA:2,(anonymous_5)
FNDA:2,(anonymous_6)
FNDA:0,(anonymous_7)
FNDA:0,(anonymous_8)
FNDA:0,(anonymous_9)
FNDA:0,(anonymous_10)
FNDA:0,(anonymous_11)
FNDA:0,(anonymous_12)
FNDA:0,(anonymous_13)
FNDA:0,(anonymous_14)
FNDA:0,(anonymous_15)
FNDA:0,(anonymous_16)
FNDA:0,(anonymous_17)
FNDA:0,(anonymous_18)
FNDA:0,(anonymous_19)
FNDA:0,(anonymous_20)
DA:1,1
DA:2,1
DA:6,1
DA:8,1
DA:12,1
DA:15,2
DA:16,2
DA:18,2
DA:19,2
DA:22,1
DA:23,2
DA:26,1
DA:27,0
DA:29,0
DA:30,0
DA:31,0
DA:32,0
DA:35,0
DA:36,0
DA:41,0
DA:44,1
DA:45,0
DA:47,0
DA:49,0
DA:52,1
DA:53,0
DA:55,0
DA:56,0
DA:63,0
DA:66,0
DA:69,1
DA:70,0
DA:71,0
DA:74,0
DA:77,1
DA:78,0
DA:80,0
DA:85,0
DA:88,1
DA:89,0
DA:91,0
DA:94,0
DA:97,1
LF:43
LH:18
BRDA:31,0,0,0
BRDA:31,0,1,0
BRF:2
BRH:0
end_of_record
TN:
SF:/Users/anvlkv/Projects/intervey/intervey-app/src/app/core-content/core-content.module.ts
FN:16,(anonymous_1)
FNF:1
FNH:1
FNDA:8,(anonymous_1)
DA:1,1
DA:2,1
DA:3,1
DA:16,1
LF:4
LH:4
BRF:0
BRH:0
end_of_record
TN:
SF:/Users/anvlkv/Projects/intervey/intervey-app/src/app/core-content/base-content-item/base-content-item.component.ts
FN:9,(anonymous_2)
FN:12,BaseContentItemComponent
FN:14,(anonymous_4)
FNF:3
FNH:3
FNDA:1,(anonymous_2)
FNDA:9,BaseContentItemComponent
FNDA:9,(anonymous_4)
DA:1,1
DA:2,1
DA:9,1
DA:10,1
DA:14,1
DA:17,1
LF:6
LH:6
BRF:0
BRH:0
end_of_record
TN:
SF:/Users/anvlkv/Projects/intervey/intervey-app/src/app/core-forms/core-forms.module.ts
FN:35,(anonymous_1)
FNF:1
FNH:1
FNDA:8,(anonymous_1)
DA:1,1
DA:2,1
DA:3,1
DA:4,1
DA:5,1
DA:6,1
DA:7,1
DA:8,1
DA:9,1
DA:35,1
LF:10
LH:10
BRF:0
BRH:0
end_of_record
TN:
SF:/Users/anvlkv/Projects/intervey/intervey-app/src/app/core-forms/forms-schema.service.mock.ts
FN:9,mockFormsSchemaService
FNF:1
FNH:1
FNDA:9,mockFormsSchemaService
DA:1,1
DA:3,1
DA:5,1
DA:6,1
DA:9,1
DA:11,9
DA:17,9
DA:19,9
DA:20,9
DA:22,9
DA:23,9
DA:25,9
LF:12
LH:12
BRF:0
BRH:0
end_of_record
TN:
SF:/Users/anvlkv/Projects/intervey/intervey-app/src/app/core-forms/forms-schema.service.ts
FN:11,(anonymous_2)
FN:20,(anonymous_4)
FN:23,FormConfig
FN:30,(anonymous_6)
FN:49,FormsSchemaService
FN:36,(anonymous_8)
FN:39,(anonymous_9)
FN:43,(anonymous_10)
FN:54,(anonymous_11)
FN:58,(anonymous_12)
FN:63,(anonymous_13)
FN:69,(anonymous_14)
FN:81,(anonymous_15)
FN:95,(anonymous_16)
FN:99,(anonymous_17)
FN:104,buildConfig
FN:113,(anonymous_19)
FN:115,(anonymous_20)
FN:117,(anonymous_21)
FN:118,(anonymous_22)
FN:142,(anonymous_23)
FN:176,(anonymous_24)
FNF:22
FNH:21
FNDA:1,(anonymous_2)
FNDA:1,(anonymous_4)
FNDA:14,FormConfig
FNDA:1,(anonymous_6)
FNDA:21,FormsSchemaService
FNDA:22,(anonymous_8)
FNDA:13,(anonymous_9)
FNDA:13,(anonymous_10)
FNDA:13,(anonymous_11)
FNDA:13,(anonymous_12)
FNDA:8,(anonymous_13)
FNDA:24,(anonymous_14)
FNDA:1,(anonymous_15)
FNDA:17,(anonymous_16)
FNDA:30,(anonymous_17)
FNDA:14,buildConfig
FNDA:8,(anonymous_19)
FNDA:11,(anonymous_20)
FNDA:11,(anonymous_21)
FNDA:10,(anonymous_22)
FNDA:0,(anonymous_23)
FNDA:2,(anonymous_24)
DA:1,1
DA:2,1
DA:3,1
DA:5,1
DA:6,1
DA:11,1
DA:18,1
DA:20,1
DA:24,14
DA:25,14
DA:27,1
DA:30,1
DA:31,21
DA:32,21
DA:36,2
DA:37,22
DA:39,13
DA:40,13
DA:41,13
DA:42,13
DA:43,13
DA:44,13
DA:50,21
DA:54,1
DA:55,13
DA:58,13
DA:59,13
DA:63,13
DA:65,8
DA:69,24
DA:71,8
DA:72,2
DA:75,6
DA:78,8
DA:80,1
DA:81,1
DA:82,1
DA:85,7
DA:86,7
DA:89,8
DA:92,13
DA:95,1
DA:96,17
DA:99,1
DA:100,30
DA:102,1
DA:105,14
DA:113,14
DA:115,14
DA:117,14
DA:118,14
DA:121,14
DA:125,6
DA:131,6
DA:132,6
DA:134,6
DA:135,6
DA:139,1
DA:143,0
DA:150,1
DA:157,1
DA:158,1
DA:160,1
DA:161,1
DA:164,1
DA:171,1
DA:172,1
DA:176,1
DA:177,2
DA:183,1
DA:189,1
DA:190,1
DA:194,14
LF:73
LH:72
BRDA:40,0,0,13
BRDA:40,0,1,5
BRDA:66,1,0,1
BRDA:66,1,1,7
BRDA:67,2,0,1
BRDA:67,2,1,7
BRDA:68,3,0,1
BRDA:68,3,1,7
BRDA:71,4,0,2
BRDA:71,4,1,6
BRDA:79,5,0,1
BRDA:79,5,1,7
BRDA:115,6,0,11
BRDA:115,6,1,1
BRDA:117,7,0,11
BRDA:117,7,1,2
BRDA:118,8,0,10
BRDA:118,8,1,1
BRDA:122,9,0,6
BRDA:122,9,1,1
BRDA:122,9,2,1
BRDA:122,9,3,1
BRDA:122,10,0,14
BRDA:122,10,1,7
BRDA:126,11,0,3
BRDA:126,11,1,3
BRDA:131,12,0,1
BRDA:131,12,1,5
BRDA:132,13,0,1
BRDA:132,13,1,5
BRDA:137,14,0,8
BRDA:137,14,1,1
BRDA:143,15,0,0
BRDA:143,15,1,0
BRDA:143,15,2,0
BRDA:143,15,3,0
BRDA:157,16,0,0
BRDA:157,16,1,1
BRDA:158,17,0,0
BRDA:158,17,1,1
BRDA:163,18,0,7
BRDA:163,18,1,1
BRDA:175,19,0,6
BRDA:175,19,1,6
BRF:44
BRH:38
end_of_record
TN:
SF:/Users/anvlkv/Projects/intervey/intervey-app/src/app/core-forms/base-form/base-form.component.ts
FN:10,(anonymous_2)
FN:14,BaseFormComponent
FN:18,(anonymous_4)
FN:19,(anonymous_5)
FN:20,(anonymous_6)
FNF:5
FNH:5
FNDA:1,(anonymous_2)
FNDA:16,BaseFormComponent
FNDA:16,(anonymous_4)
FNDA:9,(anonymous_5)
FNDA:9,(anonymous_6)
DA:1,1
DA:3,1
DA:10,1
DA:15,16
DA:18,16
DA:19,16
DA:20,16
DA:23,1
LF:8
LH:8
BRF:0
BRH:0
end_of_record
TN:
SF:/Users/anvlkv/Projects/intervey/intervey-app/src/app/core-forms/list-input/list-input.component.ts
FN:8,(anonymous_2)
FN:10,ListInputComponent
FN:12,(anonymous_4)
FNF:3
FNH:3
FNDA:1,(anonymous_2)
FNDA:10,ListInputComponent
FNDA:10,(anonymous_4)
DA:1,1
DA:8,1
DA:12,1
DA:15,1
LF:4
LH:4
BRF:0
BRH:0
end_of_record
TN:
SF:/Users/anvlkv/Projects/intervey/intervey-app/src/app/core-forms/portal-form/portal-form.component.ts
FN:8,(anonymous_2)
FN:10,PortalFormComponent
FN:12,(anonymous_4)
FNF:3
FNH:3
FNDA:1,(anonymous_2)
FNDA:10,PortalFormComponent
FNDA:10,(anonymous_4)
DA:1,1
DA:8,1
DA:12,1
DA:15,1
LF:4
LH:4
BRF:0
BRH:0
end_of_record
TN:
SF:/Users/anvlkv/Projects/intervey/intervey-app/src/app/core-forms/yes-no-input/yes-no-input.component.ts
FN:8,(anonymous_2)
FN:10,YesNoInputComponent
FN:12,(anonymous_4)
FNF:3
FNH:3
FNDA:1,(anonymous_2)
FNDA:10,YesNoInputComponent
FNDA:10,(anonymous_4)
DA:1,1
DA:8,1
DA:12,1
DA:15,1
LF:4
LH:4
BRF:0
BRH:0
end_of_record
TN:
SF:/Users/anvlkv/Projects/intervey/intervey-app/src/app/old/loading-state/loading-state.component.ts
FN:8,(anonymous_2)
FN:10,LoadingStateComponent
FN:12,(anonymous_4)
FNF:3
FNH:3
FNDA:1,(anonymous_2)
FNDA:8,LoadingStateComponent
FNDA:8,(anonymous_4)
DA:1,1
DA:8,1
DA:12,1
DA:15,1
LF:4
LH:4
BRF:0
BRH:0
end_of_record
TN:
SF:/Users/anvlkv/Projects/intervey/intervey-app/src/app/workflows/response-workflow/just-step.guard.ts
FN:9,(anonymous_2)
FN:10,JustStepGuard
FN:15,(anonymous_4)
FN:21,(anonymous_5)
FNF:4
FNH:2
FNDA:1,(anonymous_2)
FNDA:1,JustStepGuard
FNDA:0,(anonymous_4)
FNDA:0,(anonymous_5)
DA:1,1
DA:4,1
DA:5,1
DA:9,1
DA:11,1
DA:15,1
DA:19,0
DA:21,0
DA:22,0
DA:24,0
DA:27,0
DA:29,1
LF:12
LH:7
BRF:0
BRH:0
end_of_record
TN:
SF:/Users/anvlkv/Projects/intervey/intervey-app/src/app/workflows/response-workflow/sequence.resolver.ts
FN:8,(anonymous_2)
FN:9,SequenceResolver
FN:15,(anonymous_4)
FNF:3
FNH:2
FNDA:1,(anonymous_2)
FNDA:1,SequenceResolver
FNDA:0,(anonymous_4)
DA:1,1
DA:5,1
DA:8,1
DA:10,1
DA:15,1
DA:18,0
DA:20,1
LF:7
LH:6
BRF:0
BRH:0
end_of_record
TN:
SF:/Users/anvlkv/Projects/intervey/intervey-app/src/app/workflows/response-workflow/sequence-response/sequence-response.component.ts
FN:11,(anonymous_2)
FN:14,SequenceResponseComponent
FN:21,(anonymous_4)
FN:22,(anonymous_5)
FN:27,(anonymous_6)
FN:28,(anonymous_7)
FN:30,(anonymous_8)
FNF:7
FNH:7
FNDA:1,(anonymous_2)
FNDA:6,SequenceResponseComponent
FNDA:6,(anonymous_4)
FNDA:6,(anonymous_5)
FNDA:7,(anonymous_6)
FNDA:7,(anonymous_7)
FNDA:7,(anonymous_8)
DA:1,1
DA:2,1
DA:3,1
DA:11,1
DA:15,6
DA:16,6
DA:17,6
DA:21,6
DA:22,6
DA:23,6
DA:27,7
DA:28,7
DA:29,7
DA:30,7
DA:31,7
DA:32,7
DA:38,1
LF:17
LH:17
BRDA:31,0,0,7
BRDA:31,0,1,0
BRF:2
BRH:1
end_of_record
TN:
SF:/Users/anvlkv/Projects/intervey/intervey-app/src/app/workflows/response-workflow/step-response/step-response.component.ts
FN:11,(anonymous_2)
FN:14,StepResponseComponent
FN:19,(anonymous_4)
FN:22,(anonymous_5)
FN:25,(anonymous_6)
FNF:5
FNH:4
FNDA:1,(anonymous_2)
FNDA:7,StepResponseComponent
FNDA:7,(anonymous_4)
FNDA:7,(anonymous_5)
FNDA:0,(anonymous_6)
DA:1,1
DA:2,1
DA:3,1
DA:11,1
DA:15,7
DA:16,7
DA:19,7
DA:22,7
DA:25,1
DA:26,0
DA:29,1
LF:11
LH:10
BRF:0
BRH:0
end_of_record
TN:
SF:/Users/anvlkv/Projects/intervey/intervey-app/src/environments/environment.ts
FNF:0
FNH:0
DA:6,1
LF:1
LH:1
BRF:0
BRH:0
end_of_record
TN:
SF:/Users/anvlkv/Projects/intervey/intervey-app/src/fixtures/sequence.fixture.ts
FNF:0
FNH:0
DA:1,1
DA:2,1
DA:3,1
DA:4,1
DA:7,1
LF:5
LH:5
BRF:0
BRH:0
end_of_record
TN:
SF:/Users/anvlkv/Projects/intervey/intervey-app/src/models/Asset.ts
FN:8,(anonymous_7)
FN:18,(anonymous_9)
FN:18,(anonymous_10)
FNF:3
FNH:1
FNDA:1,(anonymous_7)
FNDA:0,(anonymous_9)
FNDA:0,(anonymous_10)
DA:1,1
DA:2,1
DA:3,1
DA:4,1
DA:8,1
DA:10,1
DA:13,1
DA:16,1
DA:18,0
DA:19,1
DA:23,1
LF:11
LH:10
BRF:0
BRH:0
end_of_record
TN:
SF:/Users/anvlkv/Projects/intervey/intervey-app/src/models/FormatConstraint.ts
FN:8,(anonymous_7)
FN:25,(anonymous_9)
FN:25,(anonymous_10)
FNF:3
FNH:1
FNDA:1,(anonymous_7)
FNDA:0,(anonymous_9)
FNDA:0,(anonymous_10)
DA:1,1
DA:2,1
DA:3,1
DA:4,1
DA:8,1
DA:11,1
DA:14,1
DA:17,1
DA:20,1
DA:23,1
DA:25,0
DA:26,1
DA:27,1
LF:13
LH:12
BRF:0
BRH:0
end_of_record
TN:
SF:/Users/anvlkv/Projects/intervey/intervey-app/src/models/Item.ts
FN:10,(anonymous_7)
FN:49,(anonymous_9)
FN:51,(anonymous_10)
FN:18,(anonymous_11)
FN:34,(anonymous_12)
FN:34,(anonymous_13)
FN:41,(anonymous_14)
FN:41,(anonymous_15)
FNF:8
FNH:1
FNDA:1,(anonymous_7)
FNDA:0,(anonymous_9)
FNDA:0,(anonymous_10)
FNDA:0,(anonymous_11)
FNDA:0,(anonymous_12)
FNDA:0,(anonymous_13)
FNDA:0,(anonymous_14)
FNDA:0,(anonymous_15)
DA:1,1
DA:2,1
DA:3,1
DA:4,1
DA:5,1
DA:6,1
DA:10,1
DA:13,1
DA:16,1
DA:18,0
DA:23,1
DA:26,1
DA:29,1
DA:32,1
DA:34,0
DA:39,1
DA:41,0
DA:46,1
DA:49,2
DA:50,0
DA:51,0
DA:54,1
LF:22
LH:17
BRDA:50,0,0,0
BRDA:50,0,1,0
BRF:2
BRH:0
end_of_record
TN:
SF:/Users/anvlkv/Projects/intervey/intervey-app/src/models/QuestionAsset.ts
FN:7,(anonymous_7)
FNF:1
FNH:1
FNDA:1,(anonymous_7)
DA:1,1
DA:2,1
DA:3,1
DA:7,1
DA:9,1
DA:12,1
DA:15,1
DA:16,1
LF:8
LH:8
BRF:0
BRH:0
end_of_record
TN:
SF:/Users/anvlkv/Projects/intervey/intervey-app/src/models/base.ts
FN:3,(anonymous_7)
FN:13,Base
FN:24,(anonymous_9)
FN:33,(anonymous_10)
FNF:4
FNH:2
FNDA:1,(anonymous_7)
FNDA:0,Base
FNDA:0,(anonymous_9)
FNDA:1,(anonymous_10)
DA:1,1
DA:3,1
DA:5,1
DA:14,0
DA:15,0
DA:16,0
DA:17,0
DA:24,2
DA:25,0
DA:26,0
DA:27,0
DA:31,1
DA:33,1
DA:35,1
DA:36,1
LF:15
LH:8
BRDA:14,0,0,0
BRDA:14,0,1,0
BRDA:16,1,0,0
BRDA:16,1,1,0
BRDA:26,2,0,0
BRDA:26,2,1,0
BRF:6
BRH:0
end_of_record
TN:
SF:/Users/anvlkv/Projects/intervey/intervey-app/src/models/enums/asset.enums.ts
FN:1,(anonymous_0)
FN:6,(anonymous_1)
FNF:2
FNH:2
FNDA:1,(anonymous_0)
FNDA:1,(anonymous_1)
DA:1,1
DA:2,1
DA:3,1
DA:6,1
DA:7,1
DA:8,1
DA:9,1
LF:7
LH:7
BRDA:1,0,0,1
BRDA:1,0,1,1
BRDA:6,1,0,1
BRDA:6,1,1,1
BRF:4
BRH:4
end_of_record
TN:
SF:/Users/anvlkv/Projects/intervey/intervey-app/src/models/enums/formatConstraint.enums.ts
FN:1,(anonymous_0)
FN:7,(anonymous_1)
FN:15,(anonymous_2)
FN:22,(anonymous_3)
FNF:4
FNH:4
FNDA:1,(anonymous_0)
FNDA:1,(anonymous_1)
FNDA:1,(anonymous_2)
FNDA:1,(anonymous_3)
DA:1,1
DA:2,1
DA:3,1
DA:4,1
DA:7,1
DA:8,1
DA:9,1
DA:10,1
DA:11,1
DA:12,1
DA:15,1
DA:16,1
DA:17,1
DA:18,1
DA:19,1
DA:22,1
DA:23,1
DA:24,1
DA:25,1
LF:19
LH:19
BRDA:1,0,0,1
BRDA:1,0,1,1
BRDA:7,1,0,1
BRDA:7,1,1,1
BRDA:15,2,0,1
BRDA:15,2,1,1
BRDA:22,3,0,1
BRDA:22,3,1,1
BRF:8
BRH:8
end_of_record
TN:
SF:/Users/anvlkv/Projects/intervey/intervey-app/src/models/enums/item.enums.ts
FN:1,(anonymous_0)
FN:8,(anonymous_1)
FNF:2
FNH:2
FNDA:1,(anonymous_0)
FNDA:1,(anonymous_1)
DA:1,1
DA:2,1
DA:3,1
DA:4,1
DA:5,1
DA:8,1
DA:9,1
DA:10,1
DA:11,1
LF:9
LH:9
BRDA:1,0,0,1
BRDA:1,0,1,1
BRDA:8,1,0,1
BRDA:8,1,1,1
BRF:4
BRH:4
end_of_record
TN:
SF:/Users/anvlkv/Projects/intervey/intervey-app/src/models/enums/step.enums.ts
FN:1,(anonymous_0)
FN:6,(anonymous_1)
FNF:2
FNH:2
FNDA:1,(anonymous_0)
FNDA:1,(anonymous_1)
DA:1,1
DA:2,1
DA:3,1
DA:6,1
DA:7,1
DA:8,1
LF:6
LH:6
BRDA:1,0,0,1
BRDA:1,0,1,1
BRDA:6,1,0,1
BRDA:6,1,1,1
BRF:4
BRH:4
end_of_record
